[2024-06-15 12:40:21.512 -07:00] [INF] [6] Main: Jellyfin version: "10.9.3"
[2024-06-15 12:40:21.540 -07:00] [INF] [6] Main: Environment Variables: ["[JELLYFIN_LOG_DIR, /home/luke/Flake/jellyfin/log]", "[DOTNET_ROOT, /nix/store/yf7bwijs5vw17gnnr6k7ys3zjixm1rzb-aspnetcore-runtime-8.0.5]"]
[2024-06-15 12:40:21.542 -07:00] [INF] [6] Main: Arguments: ["/nix/store/r0l64w4nbkfr59yyfivm5y6dbfg3k3av-jellyfin-10.9.3/lib/jellyfin/jellyfin.dll", "--ffmpeg", "/nix/store/sahkv39jnsgwr7drg3ih7rlyhds7js35-jellyfin-ffmpeg-6.0.1-6-bin/bin/ffmpeg", "--webdir", "/nix/store/6vgvn3nn9dkin2nb07ry1ik9frkjyijw-jellyfin-web-10.9.3/share/jellyfin-web"]
[2024-06-15 12:40:21.543 -07:00] [INF] [6] Main: Operating system: "NixOS 24.11 (Vicuña)"
[2024-06-15 12:40:21.543 -07:00] [INF] [6] Main: Architecture: X64
[2024-06-15 12:40:21.544 -07:00] [INF] [6] Main: 64-Bit Process: True
[2024-06-15 12:40:21.544 -07:00] [INF] [6] Main: User Interactive: True
[2024-06-15 12:40:21.544 -07:00] [INF] [6] Main: Processor count: 16
[2024-06-15 12:40:21.544 -07:00] [INF] [6] Main: Program data path: "/home/luke/Flake/jellyfin"
[2024-06-15 12:40:21.545 -07:00] [INF] [6] Main: Log directory path: "/home/luke/Flake/jellyfin/log"
[2024-06-15 12:40:21.545 -07:00] [INF] [6] Main: Config directory path: "/home/luke/Flake/jellyfin"
[2024-06-15 12:40:21.545 -07:00] [INF] [6] Main: Cache path: "/home/luke/.cache/jellyfin"
[2024-06-15 12:40:21.545 -07:00] [INF] [6] Main: Web resources path: "/nix/store/6vgvn3nn9dkin2nb07ry1ik9frkjyijw-jellyfin-web-10.9.3/share/jellyfin-web"
[2024-06-15 12:40:21.545 -07:00] [INF] [6] Main: Application directory: "/nix/store/r0l64w4nbkfr59yyfivm5y6dbfg3k3av-jellyfin-10.9.3/lib/jellyfin/"
[2024-06-15 12:40:21.557 -07:00] [INF] [6] Jellyfin.Server.Migrations.MigrationRunner: Marking following migrations as applied because this is a fresh install: ["CreateNetworkConfiguration", "MigrateMusicBrainzTimeout", "MigrateNetworkConfiguration"]
[2024-06-15 12:40:21.638 -07:00] [INF] [6] Emby.Server.Implementations.AppBase.BaseConfigurationManager: Setting cache path: "/home/luke/.cache/jellyfin"
[2024-06-15 12:40:21.662 -07:00] [INF] [6] Emby.Server.Implementations.ApplicationHost: Loading assemblies
[2024-06-15 12:40:21.719 -07:00] [INF] [6] Jellyfin.Networking.Manager.NetworkManager: Defined LAN subnets: ["127.0.0.1/8", "10.0.0.0/8", "172.16.0.0/12", "192.168.0.0/16"]
[2024-06-15 12:40:21.719 -07:00] [INF] [6] Jellyfin.Networking.Manager.NetworkManager: Defined LAN exclusions: []
[2024-06-15 12:40:21.720 -07:00] [INF] [6] Jellyfin.Networking.Manager.NetworkManager: Used LAN subnets: ["127.0.0.1/8", "10.0.0.0/8", "172.16.0.0/12", "192.168.0.0/16"]
[2024-06-15 12:40:21.721 -07:00] [INF] [6] Jellyfin.Networking.Manager.NetworkManager: Filtered interface addresses: ["127.0.0.1", "10.0.0.178"]
[2024-06-15 12:40:21.722 -07:00] [INF] [6] Jellyfin.Networking.Manager.NetworkManager: Bind Addresses ["0.0.0.0"]
[2024-06-15 12:40:21.722 -07:00] [INF] [6] Jellyfin.Networking.Manager.NetworkManager: Remote IP filter is "Allowlist"
[2024-06-15 12:40:21.722 -07:00] [INF] [6] Jellyfin.Networking.Manager.NetworkManager: Filtered subnets: []
[2024-06-15 12:40:22.530 -07:00] [INF] [6] Emby.Server.Implementations.ApplicationHost: There are pending EFCore migrations in the database. Applying... (This may take a while, do not stop Jellyfin)
[2024-06-15 12:40:22.821 -07:00] [WRN] [6] Microsoft.EntityFrameworkCore.Migrations: An operation of type '"SqlOperation"' will be attempted while a rebuild of table '"ImageInfos"' is pending. The database may not be in an expected state. Review the SQL generated by this migration to help diagnose any failures. Consider moving these operations to a subsequent migration.
[2024-06-15 12:40:22.821 -07:00] [WRN] [6] Microsoft.EntityFrameworkCore.Migrations: An operation of type '"SqlOperation"' will be attempted while a rebuild of table '"ImageInfos"' is pending. The database may not be in an expected state. Review the SQL generated by this migration to help diagnose any failures. Consider moving these operations to a subsequent migration.
[2024-06-15 12:40:22.823 -07:00] [WRN] [6] Microsoft.EntityFrameworkCore.Migrations: An operation of type '"SqlOperation"' will be attempted while a rebuild of table '"Permissions"' is pending. The database may not be in an expected state. Review the SQL generated by this migration to help diagnose any failures. Consider moving these operations to a subsequent migration.
[2024-06-15 12:40:22.823 -07:00] [WRN] [6] Microsoft.EntityFrameworkCore.Migrations: An operation of type '"SqlOperation"' will be attempted while a rebuild of table '"Permissions"' is pending. The database may not be in an expected state. Review the SQL generated by this migration to help diagnose any failures. Consider moving these operations to a subsequent migration.
[2024-06-15 12:40:22.824 -07:00] [WRN] [6] Microsoft.EntityFrameworkCore.Migrations: An operation of type '"SqlOperation"' will be attempted while a rebuild of table '"Preferences"' is pending. The database may not be in an expected state. Review the SQL generated by this migration to help diagnose any failures. Consider moving these operations to a subsequent migration.
[2024-06-15 12:40:22.824 -07:00] [WRN] [6] Microsoft.EntityFrameworkCore.Migrations: An operation of type '"SqlOperation"' will be attempted while a rebuild of table '"Preferences"' is pending. The database may not be in an expected state. Review the SQL generated by this migration to help diagnose any failures. Consider moving these operations to a subsequent migration.
[2024-06-15 12:40:22.825 -07:00] [WRN] [6] Microsoft.EntityFrameworkCore.Migrations: An operation of type '"SqlOperation"' will be attempted while a rebuild of table '"Users"' is pending. The database may not be in an expected state. Review the SQL generated by this migration to help diagnose any failures. Consider moving these operations to a subsequent migration.
[2024-06-15 12:40:22.825 -07:00] [WRN] [6] Microsoft.EntityFrameworkCore.Migrations: An operation of type '"SqlOperation"' will be attempted while a rebuild of table '"Users"' is pending. The database may not be in an expected state. Review the SQL generated by this migration to help diagnose any failures. Consider moving these operations to a subsequent migration.
[2024-06-15 12:40:22.971 -07:00] [INF] [6] Emby.Server.Implementations.ApplicationHost: EFCore migrations applied successfully
[2024-06-15 12:40:23.368 -07:00] [INF] [6] Emby.Server.Implementations.AppBase.BaseConfigurationManager: Saving system configuration
[2024-06-15 12:40:23.369 -07:00] [INF] [6] Emby.Server.Implementations.AppBase.BaseConfigurationManager: Setting cache path: "/home/luke/.cache/jellyfin"
[2024-06-15 12:40:23.373 -07:00] [INF] [6] Emby.Server.Implementations.Plugins.PluginManager: Loaded plugin: "TMDb" "10.9.3.0"
[2024-06-15 12:40:23.374 -07:00] [INF] [6] Emby.Server.Implementations.Plugins.PluginManager: Loaded plugin: "Studio Images" "10.9.3.0"
[2024-06-15 12:40:23.375 -07:00] [INF] [6] Emby.Server.Implementations.Plugins.PluginManager: Loaded plugin: "OMDb" "10.9.3.0"
[2024-06-15 12:40:23.387 -07:00] [INF] [6] Emby.Server.Implementations.Plugins.PluginManager: Loaded plugin: "MusicBrainz" "10.9.3.0"
[2024-06-15 12:40:23.388 -07:00] [INF] [6] Emby.Server.Implementations.Plugins.PluginManager: Loaded plugin: "AudioDB" "10.9.3.0"
[2024-06-15 12:40:23.434 -07:00] [INF] [6] Jellyfin.Server.Migrations.MigrationRunner: Marking following migrations as applied because this is a fresh install: ["DisableTranscodingThrottling", "CreateLoggingConfigHeirarchy", "MigrateActivityLogDatabase", "RemoveDuplicateExtras", "MigrateUserDatabase", "MigrateDisplayPreferencesDatabase", "RemoveDownloadImagesInAdvance", "MigrateAuthenticationDatabase", "FixPlaylistOwner", "MigrateRatingLevels"]
[2024-06-15 12:40:23.437 -07:00] [INF] [6] Jellyfin.Server.Migrations.MigrationRunner: Applying migration '"AddDefaultPluginRepository"'
[2024-06-15 12:40:23.437 -07:00] [INF] [6] Emby.Server.Implementations.AppBase.BaseConfigurationManager: Saving system configuration
[2024-06-15 12:40:23.438 -07:00] [INF] [6] Emby.Server.Implementations.AppBase.BaseConfigurationManager: Setting cache path: "/home/luke/.cache/jellyfin"
[2024-06-15 12:40:23.438 -07:00] [INF] [6] Jellyfin.Server.Migrations.MigrationRunner: Migration '"AddDefaultPluginRepository"' applied successfully
[2024-06-15 12:40:23.439 -07:00] [INF] [6] Jellyfin.Server.Migrations.MigrationRunner: Applying migration '"ReaddDefaultPluginRepository"'
[2024-06-15 12:40:23.439 -07:00] [INF] [6] Jellyfin.Server.Migrations.MigrationRunner: Migration '"ReaddDefaultPluginRepository"' applied successfully
[2024-06-15 12:40:23.440 -07:00] [INF] [6] Jellyfin.Server.Migrations.MigrationRunner: Applying migration '"AddDefaultCastReceivers"'
[2024-06-15 12:40:23.440 -07:00] [INF] [6] Emby.Server.Implementations.AppBase.BaseConfigurationManager: Saving system configuration
[2024-06-15 12:40:23.441 -07:00] [INF] [6] Emby.Server.Implementations.AppBase.BaseConfigurationManager: Setting cache path: "/home/luke/.cache/jellyfin"
[2024-06-15 12:40:23.441 -07:00] [INF] [6] Jellyfin.Server.Migrations.MigrationRunner: Migration '"AddDefaultCastReceivers"' applied successfully
[2024-06-15 12:40:23.441 -07:00] [INF] [6] Jellyfin.Server.Migrations.MigrationRunner: Applying migration '"UpdateDefaultPluginRepository10.9"'
[2024-06-15 12:40:23.442 -07:00] [INF] [6] Emby.Server.Implementations.AppBase.BaseConfigurationManager: Saving system configuration
[2024-06-15 12:40:23.442 -07:00] [INF] [6] Emby.Server.Implementations.AppBase.BaseConfigurationManager: Setting cache path: "/home/luke/.cache/jellyfin"
[2024-06-15 12:40:23.442 -07:00] [INF] [6] Jellyfin.Server.Migrations.MigrationRunner: Migration '"UpdateDefaultPluginRepository10.9"' applied successfully
[2024-06-15 12:40:23.454 -07:00] [INF] [6] Main: Kestrel is listening on "0.0.0.0"
[2024-06-15 12:40:23.570 -07:00] [ERR] [6] Jellyfin.Networking.AutoDiscoveryHost: Unable to bind to "0.0.0.0":7359
System.Net.Sockets.SocketException (98): Address already in use
   at System.Net.Sockets.Socket.DoBind(EndPoint endPointSnapshot, SocketAddress socketAddress)
   at System.Net.Sockets.Socket.Bind(EndPoint localEP)
   at Jellyfin.Networking.AutoDiscoveryHost.ListenForAutoDiscoveryMessage(IPAddress listenAddress, CancellationToken cancellationToken) in /build/source/src/Jellyfin.Networking/AutoDiscoveryHost.cs:line 67
[2024-06-15 12:40:23.941 -07:00] [WRN] [6] Microsoft.AspNetCore.StaticFiles.StaticFileMiddleware: The WebRootPath was not found: "/home/luke/Flake/wwwroot". Static files may be unavailable.
[2024-06-15 12:40:23.957 -07:00] [ERR] [6] Microsoft.Extensions.Hosting.Internal.Host: Hosting failed to start
System.IO.IOException: Failed to bind to address http://0.0.0.0:8096: address already in use.
 ---> Microsoft.AspNetCore.Connections.AddressInUseException: Address already in use
 ---> System.Net.Sockets.SocketException (98): Address already in use
   at System.Net.Sockets.Socket.DoBind(EndPoint endPointSnapshot, SocketAddress socketAddress)
   at System.Net.Sockets.Socket.Bind(EndPoint localEP)
   at Microsoft.AspNetCore.Server.Kestrel.Transport.Sockets.SocketTransportOptions.CreateDefaultBoundListenSocket(EndPoint endpoint)
   at Microsoft.AspNetCore.Server.Kestrel.Transport.Sockets.SocketConnectionListener.Bind()
   --- End of inner exception stack trace ---
   at Microsoft.AspNetCore.Server.Kestrel.Transport.Sockets.SocketConnectionListener.Bind()
   at Microsoft.AspNetCore.Server.Kestrel.Transport.Sockets.SocketTransportFactory.BindAsync(EndPoint endpoint, CancellationToken cancellationToken)
   at Microsoft.AspNetCore.Server.Kestrel.Core.Internal.Infrastructure.TransportManager.BindAsync(EndPoint endPoint, ConnectionDelegate connectionDelegate, EndpointConfig endpointConfig, CancellationToken cancellationToken)
   at Microsoft.AspNetCore.Server.Kestrel.Core.KestrelServerImpl.<>c__DisplayClass28_0`1.<<StartAsync>g__OnBind|0>d.MoveNext()
--- End of stack trace from previous location ---
   at Microsoft.AspNetCore.Server.Kestrel.Core.Internal.AddressBinder.BindEndpointAsync(ListenOptions endpoint, AddressBindContext context, CancellationToken cancellationToken)
   --- End of inner exception stack trace ---
   at Microsoft.AspNetCore.Server.Kestrel.Core.Internal.AddressBinder.BindEndpointAsync(ListenOptions endpoint, AddressBindContext context, CancellationToken cancellationToken)
   at Microsoft.AspNetCore.Server.Kestrel.Core.ListenOptions.BindAsync(AddressBindContext context, CancellationToken cancellationToken)
   at Microsoft.AspNetCore.Server.Kestrel.Core.Internal.AddressBinder.EndpointsStrategy.BindAsync(AddressBindContext context, CancellationToken cancellationToken)
   at Microsoft.AspNetCore.Server.Kestrel.Core.Internal.AddressBinder.BindAsync(ListenOptions[] listenOptions, AddressBindContext context, Func`2 useHttps, CancellationToken cancellationToken)
   at Microsoft.AspNetCore.Server.Kestrel.Core.KestrelServerImpl.BindAsync(CancellationToken cancellationToken)
   at Microsoft.AspNetCore.Server.Kestrel.Core.KestrelServerImpl.StartAsync[TContext](IHttpApplication`1 application, CancellationToken cancellationToken)
   at Microsoft.AspNetCore.Hosting.GenericWebHostService.StartAsync(CancellationToken cancellationToken)
   at Microsoft.Extensions.Hosting.Internal.Host.<StartAsync>b__15_1(IHostedService service, CancellationToken token)
   at Microsoft.Extensions.Hosting.Internal.Host.ForeachService[T](IEnumerable`1 services, CancellationToken token, Boolean concurrent, Boolean abortOnFirstException, List`1 exceptions, Func`3 operation)
   at Microsoft.Extensions.Hosting.Internal.Host.StartAsync(CancellationToken cancellationToken)
   at Jellyfin.Server.Program.StartServer(IServerApplicationPaths appPaths, StartupOptions options, IConfiguration startupConfig) in /build/source/Jellyfin.Server/Program.cs:line 164
[2024-06-15 12:40:23.959 -07:00] [ERR] [6] Main: Kestrel failed to start! This is most likely due to an invalid address or port bind - correct your bind configuration in network.xml and try again
[2024-06-15 12:40:23.959 -07:00] [FTL] [6] Main: Error while starting server
System.IO.IOException: Failed to bind to address http://0.0.0.0:8096: address already in use.
 ---> Microsoft.AspNetCore.Connections.AddressInUseException: Address already in use
 ---> System.Net.Sockets.SocketException (98): Address already in use
   at System.Net.Sockets.Socket.DoBind(EndPoint endPointSnapshot, SocketAddress socketAddress)
   at System.Net.Sockets.Socket.Bind(EndPoint localEP)
   at Microsoft.AspNetCore.Server.Kestrel.Transport.Sockets.SocketTransportOptions.CreateDefaultBoundListenSocket(EndPoint endpoint)
   at Microsoft.AspNetCore.Server.Kestrel.Transport.Sockets.SocketConnectionListener.Bind()
   --- End of inner exception stack trace ---
   at Microsoft.AspNetCore.Server.Kestrel.Transport.Sockets.SocketConnectionListener.Bind()
   at Microsoft.AspNetCore.Server.Kestrel.Transport.Sockets.SocketTransportFactory.BindAsync(EndPoint endpoint, CancellationToken cancellationToken)
   at Microsoft.AspNetCore.Server.Kestrel.Core.Internal.Infrastructure.TransportManager.BindAsync(EndPoint endPoint, ConnectionDelegate connectionDelegate, EndpointConfig endpointConfig, CancellationToken cancellationToken)
   at Microsoft.AspNetCore.Server.Kestrel.Core.KestrelServerImpl.<>c__DisplayClass28_0`1.<<StartAsync>g__OnBind|0>d.MoveNext()
--- End of stack trace from previous location ---
   at Microsoft.AspNetCore.Server.Kestrel.Core.Internal.AddressBinder.BindEndpointAsync(ListenOptions endpoint, AddressBindContext context, CancellationToken cancellationToken)
   --- End of inner exception stack trace ---
   at Microsoft.AspNetCore.Server.Kestrel.Core.Internal.AddressBinder.BindEndpointAsync(ListenOptions endpoint, AddressBindContext context, CancellationToken cancellationToken)
   at Microsoft.AspNetCore.Server.Kestrel.Core.ListenOptions.BindAsync(AddressBindContext context, CancellationToken cancellationToken)
   at Microsoft.AspNetCore.Server.Kestrel.Core.Internal.AddressBinder.EndpointsStrategy.BindAsync(AddressBindContext context, CancellationToken cancellationToken)
   at Microsoft.AspNetCore.Server.Kestrel.Core.Internal.AddressBinder.BindAsync(ListenOptions[] listenOptions, AddressBindContext context, Func`2 useHttps, CancellationToken cancellationToken)
   at Microsoft.AspNetCore.Server.Kestrel.Core.KestrelServerImpl.BindAsync(CancellationToken cancellationToken)
   at Microsoft.AspNetCore.Server.Kestrel.Core.KestrelServerImpl.StartAsync[TContext](IHttpApplication`1 application, CancellationToken cancellationToken)
   at Microsoft.AspNetCore.Hosting.GenericWebHostService.StartAsync(CancellationToken cancellationToken)
   at Microsoft.Extensions.Hosting.Internal.Host.<StartAsync>b__15_1(IHostedService service, CancellationToken token)
   at Microsoft.Extensions.Hosting.Internal.Host.ForeachService[T](IEnumerable`1 services, CancellationToken token, Boolean concurrent, Boolean abortOnFirstException, List`1 exceptions, Func`3 operation)
   at Microsoft.Extensions.Hosting.Internal.Host.StartAsync(CancellationToken cancellationToken)
   at Jellyfin.Server.Program.StartServer(IServerApplicationPaths appPaths, StartupOptions options, IConfiguration startupConfig) in /build/source/Jellyfin.Server/Program.cs:line 164
[2024-06-15 12:40:23.961 -07:00] [INF] [6] Main: Running query planner optimizations in the database... This might take a while
[2024-06-15 12:40:23.974 -07:00] [INF] [6] Emby.Server.Implementations.ApplicationHost: Disposing "CoreAppHost"
[2024-06-15 12:40:23.974 -07:00] [INF] [6] Emby.Server.Implementations.ApplicationHost: Disposing "MusicBrainzArtistProvider"
[2024-06-15 12:40:23.975 -07:00] [INF] [6] Emby.Server.Implementations.ApplicationHost: Disposing "MusicBrainzAlbumProvider"
[2024-06-15 12:40:23.975 -07:00] [INF] [6] Emby.Server.Implementations.ApplicationHost: Disposing "PluginManager"
